[debug] [2021-06-29T21:03:39.915Z] ----------------------------------------------------------------------
[debug] [2021-06-29T21:03:39.917Z] Command:       C:\Program Files\nodejs\node.exe C:\Users\steve\AppData\Roaming\npm\node_modules\firebase-tools\lib\bin\firebase.js init
[debug] [2021-06-29T21:03:39.917Z] CLI Version:   9.14.0
[debug] [2021-06-29T21:03:39.917Z] Platform:      win32
[debug] [2021-06-29T21:03:39.917Z] Node Version:  v15.14.0
[debug] [2021-06-29T21:03:39.918Z] Time:          Tue Jun 29 2021 22:03:39 GMT+0100 (West Africa Standard Time)
[debug] [2021-06-29T21:03:39.918Z] ----------------------------------------------------------------------
[debug] 
[debug] [2021-06-29T21:03:39.923Z] > command requires scopes: ["email","openid","https://www.googleapis.com/auth/cloudplatformprojects.readonly","https://www.googleapis.com/auth/firebase","https://www.googleapis.com/auth/cloud-platform"]
[debug] [2021-06-29T21:03:39.923Z] > authorizing via signed-in user (steveijatomi@gmail.com)
[info] 
     ######## #### ########  ######## ########     ###     ######  ########
     ##        ##  ##     ## ##       ##     ##  ##   ##  ##       ##
     ######    ##  ########  ######   ########  #########  ######  ######
     ##        ##  ##    ##  ##       ##     ## ##     ##       ## ##
     ##       #### ##     ## ######## ########  ##     ##  ######  ########

You're about to initialize a Firebase project in this directory:

  C:\Users\steve\Desktop\Web projects\react-fire

[info] 
=== Project Setup
[info] 
[info] First, let's associate this project directory with a Firebase project.
[info] You can create multiple project aliases by running firebase use --add, 
[info] but for now we'll just set up a default project.
[info] 
